<?xml version="1.0" encoding="UTF-8"?>
<!-- Generated by org.testng.reporters.JUnitReportReporter -->
<testsuite hostname="UPSTAIR" failures="0" tests="1" name="smarttech.ny.myrunner.TestRunner" time="5.707" errors="0" timestamp="14 May 2023 01:19:48 GMT" skipped="0">
  <testcase classname="smarttech.ny.myrunner.TestRunner" name="runScenario" time="5.707"/>
</testsuite> <!-- smarttech.ny.myrunner.TestRunner -->
