<?xml version="1.0" encoding="UTF-8"?>
<!-- Generated by org.testng.reporters.JUnitReportReporter -->
<testsuite hostname="UPSTAIR" failures="0" tests="1" name="smarttech.ny.myrunner.TestRunner" time="7.482" errors="0" timestamp="08 May 2023 04:20:34 GMT" skipped="0">
  <testcase classname="smarttech.ny.myrunner.TestRunner" name="runScenario" time="7.482"/>
</testsuite> <!-- smarttech.ny.myrunner.TestRunner -->
